d:\other\vs_projects\pseudo3d\pseudo3d\pseudo3d\x64\debug\vc143.pdb
d:\other\vs_projects\pseudo3d\pseudo3d\pseudo3d\x64\debug\vc143.idb
d:\other\vs_projects\pseudo3d\pseudo3d\pseudo3d\x64\debug\drawingplayer.obj
d:\other\vs_projects\pseudo3d\pseudo3d\pseudo3d\x64\debug\rays.obj
d:\other\vs_projects\pseudo3d\pseudo3d\pseudo3d\x64\debug\pseudo3d.obj
d:\other\vs_projects\pseudo3d\pseudo3d\pseudo3d\x64\debug\level.obj
d:\other\vs_projects\pseudo3d\pseudo3d\pseudo3d\x64\debug\initialization.obj
d:\other\vs_projects\pseudo3d\pseudo3d\pseudo3d\x64\debug\buttons.obj
t:\visualstudio_projects\pseudo3d\pseudo3d\pseudo3d\x64\debug\vc143.pdb
t:\visualstudio_projects\pseudo3d\pseudo3d\pseudo3d\x64\debug\vc143.idb
t:\visualstudio_projects\pseudo3d\pseudo3d\pseudo3d\x64\debug\rays.obj
t:\visualstudio_projects\pseudo3d\pseudo3d\pseudo3d\x64\debug\pseudo3d.obj
t:\visualstudio_projects\pseudo3d\pseudo3d\pseudo3d\x64\debug\level.obj
t:\visualstudio_projects\pseudo3d\pseudo3d\pseudo3d\x64\debug\initialization.obj
t:\visualstudio_projects\pseudo3d\pseudo3d\pseudo3d\x64\debug\drawingplayer.obj
t:\visualstudio_projects\pseudo3d\pseudo3d\pseudo3d\x64\debug\buttons.obj
d:\other\vs_projects\pseudo3d\pseudo3d\x64\debug\pseudo3d.exe
d:\other\vs_projects\pseudo3d\pseudo3d\pseudo3d\x64\debug\pseudo3d.ilk
d:\other\vs_projects\pseudo3d\pseudo3d\x64\debug\pseudo3d.pdb
t:\visualstudio_projects\pseudo3d\pseudo3d\pseudo3d\x64\debug\textures.obj
t:\visualstudio_projects\pseudo3d\pseudo3d\x64\debug\pseudo3d.pdb
t:\visualstudio_projects\pseudo3d\pseudo3d\pseudo3d\x64\debug\pseudo3d.tlog\cl.command.1.tlog
t:\visualstudio_projects\pseudo3d\pseudo3d\pseudo3d\x64\debug\pseudo3d.tlog\cl.items.tlog
t:\visualstudio_projects\pseudo3d\pseudo3d\pseudo3d\x64\debug\pseudo3d.tlog\cl.read.1.tlog
t:\visualstudio_projects\pseudo3d\pseudo3d\pseudo3d\x64\debug\pseudo3d.tlog\cl.write.1.tlog
t:\visualstudio_projects\pseudo3d\pseudo3d\pseudo3d\x64\debug\pseudo3d.tlog\link.command.1.tlog
t:\visualstudio_projects\pseudo3d\pseudo3d\pseudo3d\x64\debug\pseudo3d.tlog\link.read.1.tlog
t:\visualstudio_projects\pseudo3d\pseudo3d\pseudo3d\x64\debug\pseudo3d.tlog\link.write.1.tlog
